2025-05-01 12:36:30,942 INFO Using seed 0.
2025-05-01 12:36:30,943 INFO Using double precision.
2025-05-01 12:37:13,763 INFO Generating triples.
2025-05-01 12:38:53,238 INFO Total of 50000 triples
2025-05-01 12:49:09,540 INFO Start training
2025-05-01 12:49:15,995 INFO 	 Epoch 0 | average train loss: 0.322874
2025-05-01 12:52:27,034 INFO Dasgupta's cost:	11375435772199.8770
2025-05-01 12:52:33,410 INFO 	 Epoch 1 | average train loss: 0.293784
2025-05-01 12:55:45,113 INFO Dasgupta's cost:	11375944952656.7031
2025-05-01 12:55:51,410 INFO 	 Epoch 2 | average train loss: 0.256166
2025-05-01 12:59:11,672 INFO Dasgupta's cost:	11375769614819.1719
2025-05-01 12:59:18,327 INFO 	 Epoch 3 | average train loss: 0.235944
2025-05-01 13:02:33,084 INFO Dasgupta's cost:	11373175674651.9180
2025-05-01 13:02:39,517 INFO 	 Epoch 4 | average train loss: 0.225917
2025-05-01 13:05:57,956 INFO Dasgupta's cost:	11358223411173.6719
2025-05-01 13:06:04,258 INFO 	 Epoch 5 | average train loss: 0.220656
2025-05-01 13:09:14,769 INFO Dasgupta's cost:	11376464685701.9160
2025-05-01 13:09:21,359 INFO 	 Epoch 6 | average train loss: 0.217721
2025-05-01 13:12:33,811 INFO Dasgupta's cost:	11372750480710.4219
2025-05-01 13:12:40,496 INFO 	 Epoch 7 | average train loss: 0.216005
2025-05-01 13:15:57,238 INFO Dasgupta's cost:	11376260308557.9141
2025-05-01 13:16:03,753 INFO 	 Epoch 8 | average train loss: 0.215065
2025-05-01 13:19:26,626 INFO Dasgupta's cost:	11374962847681.6055
2025-05-01 13:19:33,021 INFO 	 Epoch 9 | average train loss: 0.214133
2025-05-01 13:22:49,482 INFO Dasgupta's cost:	11370966002659.0312
2025-05-01 13:22:56,014 INFO 	 Epoch 10 | average train loss: 0.213487
2025-05-01 13:26:10,611 INFO Dasgupta's cost:	11376506867959.0352
2025-05-01 13:26:17,350 INFO 	 Epoch 11 | average train loss: 0.213210
2025-05-01 13:29:40,778 INFO Dasgupta's cost:	11375733420864.2480
2025-05-01 13:29:47,626 INFO 	 Epoch 12 | average train loss: 0.212714
2025-05-01 13:33:11,262 INFO Dasgupta's cost:	11379181620631.2930
2025-05-01 13:33:17,808 INFO 	 Epoch 13 | average train loss: 0.212200
2025-05-01 13:36:40,711 INFO Dasgupta's cost:	11373461672014.2109
2025-05-01 13:36:47,343 INFO 	 Epoch 14 | average train loss: 0.211801
2025-05-01 13:40:10,224 INFO Dasgupta's cost:	11362749532603.3164
2025-05-01 13:40:16,737 INFO 	 Epoch 15 | average train loss: 0.211525
2025-05-01 13:43:34,237 INFO Dasgupta's cost:	11372823439005.3320
2025-05-01 13:43:40,808 INFO 	 Epoch 16 | average train loss: 0.211072
2025-05-01 13:47:04,625 INFO Dasgupta's cost:	11373786348614.0332
2025-05-01 13:47:11,325 INFO 	 Epoch 17 | average train loss: 0.210657
2025-05-01 13:50:23,639 INFO Dasgupta's cost:	11375963918841.3926
2025-05-01 13:50:30,144 INFO 	 Epoch 18 | average train loss: 0.210370
2025-05-01 13:53:46,715 INFO Dasgupta's cost:	11376986702932.2266
2025-05-01 13:53:53,458 INFO 	 Epoch 19 | average train loss: 0.209849
2025-05-01 13:57:18,792 INFO Dasgupta's cost:	11369484960881.0234
2025-05-01 13:57:25,175 INFO 	 Epoch 20 | average train loss: 0.209260
2025-05-01 14:00:52,881 INFO Dasgupta's cost:	11361738425428.9785
2025-05-01 14:00:59,313 INFO 	 Epoch 21 | average train loss: 0.209047
2025-05-01 14:04:09,904 INFO Dasgupta's cost:	11366760051535.1680
2025-05-01 14:04:16,287 INFO 	 Epoch 22 | average train loss: 0.208621
2025-05-01 14:07:36,763 INFO Dasgupta's cost:	11365053606519.9258
2025-05-01 14:07:43,225 INFO 	 Epoch 23 | average train loss: 0.208304
2025-05-01 14:10:56,211 INFO Dasgupta's cost:	11379754446588.3027
2025-05-01 14:11:02,613 INFO 	 Epoch 24 | average train loss: 0.208068
2025-05-01 14:14:14,362 INFO Dasgupta's cost:	11373087311066.9316
2025-05-01 14:14:20,871 INFO 	 Epoch 25 | average train loss: 0.207814
2025-05-01 14:17:38,837 INFO Dasgupta's cost:	11367513971634.7676
2025-05-01 14:17:45,414 INFO 	 Epoch 26 | average train loss: 0.207538
2025-05-01 14:21:04,536 INFO Dasgupta's cost:	11377498222971.3320
2025-05-01 14:21:11,023 INFO 	 Epoch 27 | average train loss: 0.207284
2025-05-01 14:24:19,800 INFO Dasgupta's cost:	11371765991191.8906
2025-05-01 14:24:26,308 INFO 	 Epoch 28 | average train loss: 0.206732
2025-05-01 14:27:52,289 INFO Dasgupta's cost:	11385761102795.0840
2025-05-01 14:27:58,789 INFO 	 Epoch 29 | average train loss: 0.206580
2025-05-01 14:31:23,680 INFO Dasgupta's cost:	11376617564471.1641
2025-05-01 14:31:29,950 INFO 	 Epoch 30 | average train loss: 0.206320
2025-05-01 14:34:46,708 INFO Dasgupta's cost:	11378390876883.6230
2025-05-01 14:34:53,106 INFO 	 Epoch 31 | average train loss: 0.206123
2025-05-01 14:38:35,589 INFO Dasgupta's cost:	11372442146183.9531
2025-05-01 14:38:42,166 INFO 	 Epoch 32 | average train loss: 0.205794
2025-05-01 14:41:58,914 INFO Dasgupta's cost:	11374169980080.1113
2025-05-01 14:42:05,308 INFO 	 Epoch 33 | average train loss: 0.205426
2025-05-01 14:45:26,767 INFO Dasgupta's cost:	11381323815304.1055
2025-05-01 14:45:32,877 INFO 	 Epoch 34 | average train loss: 0.205190
2025-05-01 14:48:57,888 INFO Dasgupta's cost:	11380266165929.5586
2025-05-01 14:48:57,889 INFO Early stopping.
2025-05-01 14:48:57,889 INFO Optimization finished.
2025-05-01 14:48:57,890 INFO Saving best model at /work/classtmp/akhilnev/HypHC/embeddings/codebert/6f67bf8855d5caf427db3b5aed2c9e5a650bd6ed756bccfac0305bd46df78ffe/model_0.pkl
2025-05-01 14:48:57,917 INFO Decoding embeddings.
2025-05-01 14:52:21,955 INFO Dasgupta's cost:	11358223411173.6719
