2025-03-11 19:35:57,996 INFO Using seed 0.
2025-03-11 19:35:57,996 INFO Using double precision.
2025-03-11 19:38:37,484 INFO Using seed 0.
2025-03-11 19:38:37,486 INFO Using double precision.
2025-03-11 19:38:40,312 INFO Generating triples.
2025-03-11 19:38:40,314 INFO Total of 100000 triples
2025-03-11 19:38:40,921 INFO Start training
2025-03-11 19:39:30,756 INFO 	 Epoch 0 | average train loss: 1.088798
2025-03-11 19:41:54,982 INFO Using seed 0.
2025-03-11 19:41:54,983 INFO Using double precision.
2025-03-11 19:41:55,461 INFO Generating triples.
2025-03-11 19:41:55,464 INFO Total of 100000 triples
2025-03-11 19:41:56,094 INFO Start training
2025-03-11 19:42:44,494 INFO 	 Epoch 0 | average train loss: 1.088798
2025-03-11 19:42:44,501 INFO Dasgupta's cost:	68878.7221
2025-03-11 19:43:32,267 INFO 	 Epoch 1 | average train loss: 1.061474
2025-03-11 19:43:32,270 INFO Dasgupta's cost:	67560.0781
2025-03-11 19:44:20,858 INFO 	 Epoch 2 | average train loss: 1.046319
2025-03-11 19:44:20,860 INFO Dasgupta's cost:	67153.2752
2025-03-11 19:45:09,319 INFO 	 Epoch 3 | average train loss: 1.041082
2025-03-11 19:45:09,322 INFO Dasgupta's cost:	66868.9951
2025-03-11 19:45:57,750 INFO 	 Epoch 4 | average train loss: 1.034278
2025-03-11 19:45:57,752 INFO Dasgupta's cost:	66974.0326
2025-03-11 19:46:46,420 INFO 	 Epoch 5 | average train loss: 1.030100
2025-03-11 19:46:46,423 INFO Dasgupta's cost:	66729.2200
2025-03-11 19:47:34,308 INFO 	 Epoch 6 | average train loss: 1.027750
2025-03-11 19:47:34,321 INFO Dasgupta's cost:	66856.2911
2025-03-11 19:48:22,565 INFO 	 Epoch 7 | average train loss: 1.025888
2025-03-11 19:48:22,569 INFO Dasgupta's cost:	66864.9814
2025-03-11 19:49:10,448 INFO 	 Epoch 8 | average train loss: 1.024753
2025-03-11 19:49:10,450 INFO Dasgupta's cost:	66852.5989
2025-03-11 19:49:59,009 INFO 	 Epoch 9 | average train loss: 1.024003
2025-03-11 19:49:59,012 INFO Dasgupta's cost:	66870.5192
2025-03-11 19:50:48,552 INFO 	 Epoch 10 | average train loss: 1.023549
2025-03-11 19:50:48,555 INFO Dasgupta's cost:	66859.2101
2025-03-11 19:51:37,285 INFO 	 Epoch 11 | average train loss: 1.023234
2025-03-11 19:51:37,288 INFO Dasgupta's cost:	66697.8527
2025-03-11 19:52:27,083 INFO 	 Epoch 12 | average train loss: 1.022869
2025-03-11 19:52:27,087 INFO Dasgupta's cost:	66836.0000
2025-03-11 19:53:15,147 INFO 	 Epoch 13 | average train loss: 1.022671
2025-03-11 19:53:15,151 INFO Dasgupta's cost:	66733.8736
2025-03-11 19:54:03,652 INFO 	 Epoch 14 | average train loss: 1.022447
2025-03-11 19:54:03,657 INFO Dasgupta's cost:	66688.2292
2025-03-11 19:54:51,525 INFO 	 Epoch 15 | average train loss: 1.022289
2025-03-11 19:54:51,528 INFO Dasgupta's cost:	66762.8802
2025-03-11 19:55:39,372 INFO 	 Epoch 16 | average train loss: 1.022079
2025-03-11 19:55:39,375 INFO Dasgupta's cost:	66817.7219
2025-03-11 19:56:27,382 INFO 	 Epoch 17 | average train loss: 1.021897
2025-03-11 19:56:27,387 INFO Dasgupta's cost:	66719.2697
2025-03-11 19:57:15,447 INFO 	 Epoch 18 | average train loss: 1.021794
2025-03-11 19:57:15,450 INFO Dasgupta's cost:	66817.7519
2025-03-11 19:58:03,829 INFO 	 Epoch 19 | average train loss: 1.021681
2025-03-11 19:58:03,831 INFO Dasgupta's cost:	66751.0384
2025-03-11 19:58:51,833 INFO 	 Epoch 20 | average train loss: 1.021525
2025-03-11 19:58:51,836 INFO Dasgupta's cost:	66835.5426
2025-03-11 19:59:40,296 INFO 	 Epoch 21 | average train loss: 1.021547
2025-03-11 19:59:40,298 INFO Dasgupta's cost:	66748.3014
2025-03-11 20:00:28,213 INFO 	 Epoch 22 | average train loss: 1.021423
2025-03-11 20:00:28,216 INFO Dasgupta's cost:	66710.6710
2025-03-11 20:01:16,270 INFO 	 Epoch 23 | average train loss: 1.021388
2025-03-11 20:01:16,274 INFO Dasgupta's cost:	66724.3401
2025-03-11 20:02:04,599 INFO 	 Epoch 24 | average train loss: 1.021356
2025-03-11 20:02:04,604 INFO Dasgupta's cost:	66749.3393
2025-03-11 20:02:53,564 INFO 	 Epoch 25 | average train loss: 1.021324
2025-03-11 20:02:53,566 INFO Dasgupta's cost:	66688.3076
2025-03-11 20:03:42,118 INFO 	 Epoch 26 | average train loss: 1.021304
2025-03-11 20:03:42,120 INFO Dasgupta's cost:	66821.3576
2025-03-11 20:04:30,522 INFO 	 Epoch 27 | average train loss: 1.021286
2025-03-11 20:04:30,523 INFO Dasgupta's cost:	66750.7187
2025-03-11 20:05:19,091 INFO 	 Epoch 28 | average train loss: 1.021237
2025-03-11 20:05:19,093 INFO Dasgupta's cost:	66722.6729
2025-03-11 20:06:07,278 INFO 	 Epoch 29 | average train loss: 1.021224
2025-03-11 20:06:07,282 INFO Dasgupta's cost:	66688.4677
2025-03-11 20:06:55,287 INFO 	 Epoch 30 | average train loss: 1.021293
2025-03-11 20:06:55,290 INFO Dasgupta's cost:	66762.5087
2025-03-11 20:07:43,251 INFO 	 Epoch 31 | average train loss: 1.021218
2025-03-11 20:07:43,254 INFO Dasgupta's cost:	66758.7909
2025-03-11 20:08:31,477 INFO 	 Epoch 32 | average train loss: 1.021268
2025-03-11 20:08:31,480 INFO Dasgupta's cost:	66722.3489
2025-03-11 20:09:19,544 INFO 	 Epoch 33 | average train loss: 1.021216
2025-03-11 20:09:19,546 INFO Dasgupta's cost:	66766.7949
2025-03-11 20:10:07,709 INFO 	 Epoch 34 | average train loss: 1.021201
2025-03-11 20:10:07,711 INFO Dasgupta's cost:	66719.3848
2025-03-11 20:10:58,009 INFO 	 Epoch 35 | average train loss: 1.021313
2025-03-11 20:10:58,012 INFO Dasgupta's cost:	66844.9639
2025-03-11 20:11:46,742 INFO 	 Epoch 36 | average train loss: 1.021220
2025-03-11 20:11:46,744 INFO Dasgupta's cost:	66732.6667
2025-03-11 20:12:35,485 INFO 	 Epoch 37 | average train loss: 1.021262
2025-03-11 20:12:35,487 INFO Dasgupta's cost:	66727.5508
2025-03-11 20:13:24,336 INFO 	 Epoch 38 | average train loss: 1.021208
2025-03-11 20:13:24,338 INFO Dasgupta's cost:	66692.1501
2025-03-11 20:14:12,702 INFO 	 Epoch 39 | average train loss: 1.021233
2025-03-11 20:14:12,705 INFO Dasgupta's cost:	66747.5071
2025-03-11 20:15:01,221 INFO 	 Epoch 40 | average train loss: 1.021213
2025-03-11 20:15:01,224 INFO Dasgupta's cost:	66726.6408
2025-03-11 20:15:49,233 INFO 	 Epoch 41 | average train loss: 1.021298
2025-03-11 20:15:49,236 INFO Dasgupta's cost:	66752.4795
2025-03-11 20:16:37,446 INFO 	 Epoch 42 | average train loss: 1.021238
2025-03-11 20:16:37,449 INFO Dasgupta's cost:	66839.3412
2025-03-11 20:17:25,569 INFO 	 Epoch 43 | average train loss: 1.021214
2025-03-11 20:17:25,571 INFO Dasgupta's cost:	66759.7143
2025-03-11 20:18:14,201 INFO 	 Epoch 44 | average train loss: 1.021262
2025-03-11 20:18:14,204 INFO Dasgupta's cost:	66717.4827
2025-03-11 20:18:14,204 INFO Early stopping.
2025-03-11 20:18:14,204 INFO Optimization finished.
2025-03-11 20:18:14,211 INFO Saving best model at /Users/akhileshnevatia/HypHC/embeddings/codebert/04f74f30a463a8302ea27d416fc9c35a9a1c01b66abbc550a8b2737fea659ec9/model_0.pkl
2025-03-11 20:18:14,222 INFO Decoding embeddings.
2025-03-11 20:18:14,225 INFO Dasgupta's cost:	66688.2292
